<?xml version="1.0" encoding="UTF-8"?>
<!-- Generated by org.testng.reporters.JUnitReportReporter -->
<testsuite hostname="DESKTOP-C2I0Q31" failures="0" tests="1" name="com.pa.qa.testcases.DataBaseTest" time="131.390" errors="0" timestamp="05 Dec 2019 17:21:16 GMT" skipped="0">
  <testcase classname="com.pa.qa.testcases.DataBaseTest" name="HomePage" time="131.390"/>
</testsuite> <!-- com.pa.qa.testcases.DataBaseTest -->
